node : C:\Users\Compro\OneDrive\Desktop\kahKosova\artif
acts\api-server\src\index.ts:7
At line:1 char:1
+ node --enable-source-maps ./dist/index.mjs 2>&1 | 
Out-File -FilePath  ...
+ ~~~~~~~~~~~~~~~~~~~~~~~~~~~~~~~~~~~~~~~~~~~~~~~
    + CategoryInfo          : NotSpecified: (C:\Users\ 
   Compro...\src\index.ts:7:String) [], RemoteExcepti  
  on
    + FullyQualifiedErrorId : NativeCommandError
 
  throw new Error(
        ^

Error: PORT environment variable is required but was 
not provided.
    at <anonymous> (C:\Users\Compro\OneDrive\Desktop\ka
hKosova\artifacts\api-server\src\index.ts:7:9)
    at ModuleJob.run 
(node:internal/modules/esm/module_job:430:25)
    at async onImport.tracePromise.__proto__ 
(node:internal/modules/esm/loader:661:26)
    at async asyncRunEntryPointWithESMLoader 
(node:internal/modules/run_main:101:5)

Node.js v24.14.0
